[1] "=============================="
[1] "performing differential expression analysis"
[1] "17:54:01"
[1] "24 cell types available for DE analysis"
 [1] "Oligo_B"       "Micro"         "Astro_B"       "MSN.D1_A"     
 [5] "Oligo_A"       "MSN.D1_D"      "MSN.D2_A"      "OPC"          
 [9] "MSN.D2_B"      "Inhib_A"       "Astro_A"       "MSN.D1_E"     
[13] "MSN.D2_C"      "MSN.D1_C"      "MSN.D1_B"      "Inhib_D"      
[17] "MSN.D2_D"      "Macrophage"    "Inhib_C"       "MSN.D1_F"     
[21] "Micro_resting" "Inhib_E"       "OPC_COP"       "Inhib_B"      
[1] "24 cell types available from Seurat object"
 [1] "Oligo_B"       "Micro"         "Astro_B"       "MSN.D1_A"     
 [5] "Oligo_A"       "MSN.D1_D"      "MSN.D2_A"      "OPC"          
 [9] "MSN.D2_B"      "Inhib_A"       "Astro_A"       "MSN.D1_E"     
[13] "MSN.D2_C"      "MSN.D1_C"      "MSN.D1_B"      "Inhib_D"      
[17] "MSN.D2_D"      "Macrophage"    "Inhib_C"       "MSN.D1_F"     
[21] "Micro_resting" "Inhib_E"       "OPC_COP"       "Inhib_B"      
[1] "=============================="
[1] "calculating optimal number of genes"
[1] "23:03:41"
[1] "=============================="
[1] "generating signature matrix"
[1] "23:51:51"
